tar (child): archives/logs_archive_20260330_083601.tar.gz: Cannot opentar: logs: Cannot stat: No such file or directory
: No such file or directory
tar (child): Error is not recoverable: exiting now
tar: Child returned status 2
tar: Error is not recoverable: exiting now
Archive created: logs_archive_20260330_083601.tar.gz
tar: logs: Cannot stattar (child): archives/logs_archive_20260330_083702.tar.gz: Cannot open: No such file or directory
: No such file or directory
tar (child): Error is not recoverable: exiting now
tar: Child returned status 2
tar: Error is not recoverable: exiting now
Archive created: logs_archive_20260330_083702.tar.gz
tar: logs: Cannot stattar (child): archives/logs_archive_20260330_083801.tar.gz: Cannot open: No such file or directory: No such file or directory

tar (child): Error is not recoverable: exiting now
tar: Child returned status 2
tar: Error is not recoverable: exiting now
Archive created: logs_archive_20260330_083801.tar.gz
tar: logs: Cannot stattar (child): archives/logs_archive_20260330_083901.tar.gz: Cannot open: No such file or directory
: No such file or directory
tar (child): Error is not recoverable: exiting now
tar: Child returned status 2
tar: Error is not recoverable: exiting now
Archive created: logs_archive_20260330_083901.tar.gz
tar: logs: Cannot stattar (child): archives/logs_archive_20260330_084001.tar.gz: Cannot open: No such file or directory
: No such file or directory
tar (child): Error is not recoverable: exiting now
tar: Child returned status 2
tar: Error is not recoverable: exiting now
Archive created: logs_archive_20260330_084001.tar.gz
tar: logs: Cannot stattar (child): archives/logs_archive_20260330_084101.tar.gz: Cannot open: No such file or directory
: No such file or directory
tar (child): Error is not recoverable: exiting now
tar: Child returned status 2
tar: Error is not recoverable: exiting now
Archive created: logs_archive_20260330_084101.tar.gz
tar: logs: Cannot stattar (child): archives/logs_archive_20260330_084201.tar.gz: Cannot open: No such file or directory
: No such file or directory
tar (child): Error is not recoverable: exiting now
tar: Child returned status 2
tar: Error is not recoverable: exiting now
Archive created: logs_archive_20260330_084201.tar.gz
tar: logs: Cannot stattar (child): archives/logs_archive_20260330_085516.tar.gz: Cannot open: No such file or directory
: No such file or directory
tar (child): Error is not recoverable: exiting now
tar: Child returned status 2
tar: Error is not recoverable: exiting now
Archive created: logs_archive_20260330_085516.tar.gz
tar: logs: Cannot stattar (child): archives/logs_archive_20260330_085601.tar.gz: Cannot open: No such file or directory
: No such file or directory
tar (child): Error is not recoverable: exiting now
tar: Child returned status 2
tar: Error is not recoverable: exiting now
Archive created: logs_archive_20260330_085601.tar.gz
tar: logs: Cannot stattar (child): archives/logs_archive_20260330_085701.tar.gz: Cannot open: No such file or directory
: No such file or directory
tar (child): Error is not recoverable: exiting now
tar: Child returned status 2
tar: Error is not recoverable: exiting now
Archive created: logs_archive_20260330_085701.tar.gz
tar: logs: Cannot stattar (child): archives/logs_archive_20260330_085801.tar.gz: Cannot open: No such file or directory
: No such file or directory
tar (child): Error is not recoverable: exiting now
tar: Child returned status 2
tar: Error is not recoverable: exiting now
Archive created: logs_archive_20260330_085801.tar.gz
tar: logs: Cannot stattar (child): : No such file or directory
archives/logs_archive_20260330_085901.tar.gz: Cannot open: No such file or directory
tar (child): Error is not recoverable: exiting now
tar: Child returned status 2
tar: Error is not recoverable: exiting now
Archive created: logs_archive_20260330_085901.tar.gz
tar: logs: Cannot stattar (child): archives/logs_archive_20260330_090001.tar.gz: Cannot open: No such file or directory
: No such file or directory
tar (child): Error is not recoverable: exiting now
tar: Child returned status 2
tar: Error is not recoverable: exiting now
Archive created: logs_archive_20260330_090001.tar.gz
tar: logs: Cannot stattar (child): archives/logs_archive_20260330_090101.tar.gz: Cannot open: No such file or directory
: No such file or directory
tar (child): Error is not recoverable: exiting now
tar: Child returned status 2
tar: Error is not recoverable: exiting now
Archive created: logs_archive_20260330_090101.tar.gz
tar: logs: Cannot stattar (child): archives/logs_archive_20260330_090201.tar.gz: Cannot open: No such file or directory
: No such file or directory
tar (child): Error is not recoverable: exiting now
tar: Child returned status 2
tar: Error is not recoverable: exiting now
Archive created: logs_archive_20260330_090201.tar.gz
tar: logs: Cannot stattar (child): archives/logs_archive_20260330_090301.tar.gz: Cannot open: No such file or directory
: No such file or directory
tar (child): Error is not recoverable: exiting now
tar: Child returned status 2
tar: Error is not recoverable: exiting now
Archive created: logs_archive_20260330_090301.tar.gz
tar: logs: Cannot stattar (child): archives/logs_archive_20260330_090401.tar.gz: Cannot open: No such file or directory
: No such file or directory
tar (child): Error is not recoverable: exiting now
tar: Child returned status 2
tar: Error is not recoverable: exiting now
Archive created: logs_archive_20260330_090401.tar.gz
tar: logs: Cannot stattar (child): archives/logs_archive_20260330_090501.tar.gz: Cannot open: No such file or directory
: No such file or directory
tar (child): Error is not recoverable: exiting now
tar: Child returned status 2
tar: Error is not recoverable: exiting now
Archive created: logs_archive_20260330_090501.tar.gz
tar: logs: Cannot stattar (child): archives/logs_archive_20260330_090601.tar.gz: Cannot open: No such file or directory
: No such file or directory
tar (child): Error is not recoverable: exiting now
tar: Child returned status 2
tar: Error is not recoverable: exiting now
Archive created: logs_archive_20260330_090601.tar.gz
tar: logs: Cannot stattar (child): archives/logs_archive_20260330_090701.tar.gz: Cannot open: No such file or directory
: No such file or directory
tar (child): Error is not recoverable: exiting now
tar: Child returned status 2
tar: Error is not recoverable: exiting now
Archive created: logs_archive_20260330_090701.tar.gz
tar: logs: Cannot stattar (child): archives/logs_archive_20260330_090801.tar.gz: Cannot open: No such file or directory
: No such file or directory
tar (child): Error is not recoverable: exiting now
tar: Child returned status 2
tar: Error is not recoverable: exiting now
Archive created: logs_archive_20260330_090801.tar.gz
tar: logs: Cannot stattar (child): archives/logs_archive_20260330_090901.tar.gz: Cannot open: No such file or directory
: No such file or directory
tar (child): Error is not recoverable: exiting now
tar: Child returned status 2
tar: Error is not recoverable: exiting now
Archive created: logs_archive_20260330_090901.tar.gz
tar: logs: Cannot stattar (child): archives/logs_archive_20260330_091001.tar.gz: Cannot open: No such file or directory
: No such file or directory
tar (child): Error is not recoverable: exiting now
tar: Child returned status 2
tar: Error is not recoverable: exiting now
Archive created: logs_archive_20260330_091001.tar.gz
tar: logs: Cannot stattar (child): archives/logs_archive_20260330_091101.tar.gz: Cannot open: No such file or directory
: No such file or directory
tar (child): Error is not recoverable: exiting now
tar: Child returned status 2
tar: Error is not recoverable: exiting now
Archive created: logs_archive_20260330_091101.tar.gz
tar: logs: Cannot stattar (child): archives/logs_archive_20260330_091201.tar.gz: Cannot open: No such file or directory
: No such file or directory
tar (child): Error is not recoverable: exiting now
tar: Child returned status 2
tar: Error is not recoverable: exiting now
Archive created: logs_archive_20260330_091201.tar.gz
tar: logs: Cannot stattar (child): archives/logs_archive_20260330_091302.tar.gz: Cannot open: No such file or directory
: No such file or directory
tar (child): Error is not recoverable: exiting now
tar: Child returned status 2
tar: Error is not recoverable: exiting now
Archive created: logs_archive_20260330_091302.tar.gz
